<?xml version="1.0" encoding="UTF-8" standalone="no"?>
<testsuite failures="0" name="cucumber.runtime.formatter.JUnitFormatter" skipped="0" tests="1" time="19.691036">
<testcase classname="Save Address to My Account" name="Save Address for Customer" time="19.691036">
<system-out><![CDATA[Given User is on SignIn Page................................................passed
Then User enters username and password and click on Sign IN.................passed
Then User is on MyAccountPage...............................................passed
Then User Click on My Address button........................................passed
Then User Clicks on Add a New Address button................................passed
Then User enters CustomerAddress and click on Save..........................passed
Then Validate the New Address by capturing Header...........................passed
Then Close the Browser......................................................passed
]]></system-out>
</testcase>
</testsuite>
