<?xml version="1.0" encoding="UTF-8" standalone="no"?>
<testsuite failures="0" name="cucumber.runtime.formatter.JUnitFormatter" skipped="0" tests="2" time="0.089443">
<testcase classname="Automation Test Website" name="Login with Valid UserName and Password" time="0.089415">
<system-out><![CDATA[Given This is a valid Login.................................................passed
]]></system-out>
</testcase>
<testcase classname="Automation Test Website" name="Update the Customer EmailAdrress" time="0.000028">
<system-out><![CDATA[Given This is a MyAccount Customer EmailAddress Update......................passed
]]></system-out>
</testcase>
</testsuite>
